Traceback (most recent call last):
  File "/Users/mriki/.pyenv/versions/miniforge3-4.10.3-10/envs/datasci/lib/python3.10/site-packages/jupyter_cache/executors/utils.py", line 58, in single_nb_execution
    executenb(
  File "/Users/mriki/.pyenv/versions/miniforge3-4.10.3-10/envs/datasci/lib/python3.10/site-packages/nbclient/client.py", line 1204, in execute
    return NotebookClient(nb=nb, resources=resources, km=km, **kwargs).execute()
  File "/Users/mriki/.pyenv/versions/miniforge3-4.10.3-10/envs/datasci/lib/python3.10/site-packages/nbclient/util.py", line 84, in wrapped
    return just_run(coro(*args, **kwargs))
  File "/Users/mriki/.pyenv/versions/miniforge3-4.10.3-10/envs/datasci/lib/python3.10/site-packages/nbclient/util.py", line 62, in just_run
    return loop.run_until_complete(coro)
  File "/Users/mriki/.pyenv/versions/miniforge3-4.10.3-10/envs/datasci/lib/python3.10/asyncio/base_events.py", line 646, in run_until_complete
    return future.result()
  File "/Users/mriki/.pyenv/versions/miniforge3-4.10.3-10/envs/datasci/lib/python3.10/site-packages/nbclient/client.py", line 663, in async_execute
    await self.async_execute_cell(
  File "/Users/mriki/.pyenv/versions/miniforge3-4.10.3-10/envs/datasci/lib/python3.10/site-packages/nbclient/client.py", line 965, in async_execute_cell
    await self._check_raise_for_error(cell, cell_index, exec_reply)
  File "/Users/mriki/.pyenv/versions/miniforge3-4.10.3-10/envs/datasci/lib/python3.10/site-packages/nbclient/client.py", line 862, in _check_raise_for_error
    raise CellExecutionError.from_cell_and_msg(cell, exec_reply_content)
nbclient.exceptions.CellExecutionError: An error occurred while executing the following cell:
------------------
from math import ceil,floor
from tqdm.auto import tqdm
import numpy as np 
import pandas as pd 

from sklearn.datasets import load_wine
from sklearn.preprocessing import LabelEncoder,StandardScaler,MinMaxScaler
from sklearn.model_selection import train_test_split
import plotly.express as px 

try:
    import flax
    import optax
except:
    # pipã§ã‚¤ãƒ³ã‚¹ãƒˆãƒ¼ãƒ«ã§ãã¾ã™ã€‚ãŸã ã—ã€apple siliconã§jaxã‚’ä½¿ã†å ´åˆã¯condaå¿…é ˆã§ã™ã€‚ï¼ˆãã®ã¯ãšã ã£ãŸã‚“ã§ã™ãŒã€å‹•ä½œãŒå†ç¾ã§ããªããªã£ãŸã®ã§ubuntu or colabã§ã‚„ã‚Šã¾ã—ã‚‡ã†ï¼‰
    #!conda install -c conda-forge jaxlib -y
    #!conda install -c conda-forge jax -y
    #!conda install -c conda-forge flax -y
    !pip install flax
    !pip install git+https://github.com/deepmind/optax.git
    import flax
    import optax

import jax 
import jax.numpy as jnp
from jax import random
from flax import linen as nn
from flax.training.train_state import TrainState

print(f"{jax.version.__version__=}")
print(f"{flax.__version__=}")
print(f"{np.__version__=}")
print(f"{pd.__version__=}")

SEED = 2023
------------------

[0;31m---------------------------------------------------------------------------[0m
[0;31mRuntimeError[0m                              Traceback (most recent call last)
Cell [0;32mIn[2], line 12[0m
[1;32m     11[0m [38;5;28;01mtry[39;00m:
[0;32m---> 12[0m     [38;5;28;01mimport[39;00m [38;5;21;01mflax[39;00m
[1;32m     13[0m     [38;5;28;01mimport[39;00m [38;5;21;01moptax[39;00m

File [0;32m~/.pyenv/versions/miniforge3-4.10.3-10/envs/datasci/lib/python3.10/site-packages/flax/__init__.py:18[0m
[1;32m     16[0m [38;5;124;03m"""Flax API."""[39;00m
[0;32m---> 18[0m [38;5;28;01mfrom[39;00m [38;5;21;01m.[39;00m [38;5;28;01mimport[39;00m core
[1;32m     19[0m [38;5;28;01mfrom[39;00m [38;5;21;01m.[39;00m [38;5;28;01mimport[39;00m jax_utils

File [0;32m~/.pyenv/versions/miniforge3-4.10.3-10/envs/datasci/lib/python3.10/site-packages/flax/core/__init__.py:15[0m
[1;32m      1[0m [38;5;66;03m# Copyright 2022 The Flax Authors.[39;00m
[1;32m      2[0m [38;5;66;03m#[39;00m
[1;32m      3[0m [38;5;66;03m# Licensed under the Apache License, Version 2.0 (the "License");[39;00m
[0;32m   (...)[0m
[1;32m     12[0m [38;5;66;03m# See the License for the specific language governing permissions and[39;00m
[1;32m     13[0m [38;5;66;03m# limitations under the License.[39;00m
[0;32m---> 15[0m [38;5;28;01mfrom[39;00m [38;5;21;01m.[39;00m[38;5;21;01maxes_scan[39;00m [38;5;28;01mimport[39;00m broadcast [38;5;28;01mas[39;00m broadcast
[1;32m     16[0m [38;5;28;01mfrom[39;00m [38;5;21;01m.[39;00m[38;5;21;01mfrozen_dict[39;00m [38;5;28;01mimport[39;00m (
[1;32m     17[0m   FrozenDict [38;5;28;01mas[39;00m FrozenDict,
[1;32m     18[0m   freeze [38;5;28;01mas[39;00m freeze,
[1;32m     19[0m   unfreeze [38;5;28;01mas[39;00m unfreeze
[1;32m     20[0m )

File [0;32m~/.pyenv/versions/miniforge3-4.10.3-10/envs/datasci/lib/python3.10/site-packages/flax/core/axes_scan.py:19[0m
[1;32m     17[0m [38;5;28;01mfrom[39;00m [38;5;21;01mtyping[39;00m [38;5;28;01mimport[39;00m Any, Callable, Optional
[0;32m---> 19[0m [38;5;28;01mimport[39;00m [38;5;21;01mjax[39;00m
[1;32m     20[0m [38;5;28;01mfrom[39;00m [38;5;21;01mjax[39;00m [38;5;28;01mimport[39;00m lax

File [0;32m~/.pyenv/versions/miniforge3-4.10.3-10/envs/datasci/lib/python3.10/site-packages/jax/__init__.py:35[0m
[1;32m     32[0m [38;5;66;03m# Confusingly there are two things named "config": the module and the class.[39;00m
[1;32m     33[0m [38;5;66;03m# We want the exported object to be the class, so we first import the module[39;00m
[1;32m     34[0m [38;5;66;03m# to make sure a later import doesn't overwrite the class.[39;00m
[0;32m---> 35[0m [38;5;28;01mfrom[39;00m [38;5;21;01mjax[39;00m [38;5;28;01mimport[39;00m config [38;5;28;01mas[39;00m _config_module
[1;32m     36[0m [38;5;28;01mdel[39;00m _config_module

File [0;32m~/.pyenv/versions/miniforge3-4.10.3-10/envs/datasci/lib/python3.10/site-packages/jax/config.py:17[0m
[1;32m      1[0m [38;5;66;03m# Copyright 2018 The JAX Authors.[39;00m
[1;32m      2[0m [38;5;66;03m#[39;00m
[1;32m      3[0m [38;5;66;03m# Licensed under the Apache License, Version 2.0 (the "License");[39;00m
[0;32m   (...)[0m
[1;32m     14[0m 
[1;32m     15[0m [38;5;66;03m# TODO(phawkins): fix users of this alias and delete this file.[39;00m
[0;32m---> 17[0m [38;5;28;01mfrom[39;00m [38;5;21;01mjax[39;00m[38;5;21;01m.[39;00m[38;5;21;01m_src[39;00m[38;5;21;01m.[39;00m[38;5;21;01mconfig[39;00m [38;5;28;01mimport[39;00m config  [38;5;66;03m# noqa: F401[39;00m

File [0;32m~/.pyenv/versions/miniforge3-4.10.3-10/envs/datasci/lib/python3.10/site-packages/jax/_src/config.py:24[0m
[1;32m     22[0m [38;5;28;01mfrom[39;00m [38;5;21;01mtyping[39;00m [38;5;28;01mimport[39;00m Any, List, Callable, Hashable, NamedTuple, Iterator, Optional
[0;32m---> 24[0m [38;5;28;01mfrom[39;00m [38;5;21;01mjax[39;00m[38;5;21;01m.[39;00m[38;5;21;01m_src[39;00m [38;5;28;01mimport[39;00m lib
[1;32m     25[0m [38;5;28;01mfrom[39;00m [38;5;21;01mjax[39;00m[38;5;21;01m.[39;00m[38;5;21;01m_src[39;00m[38;5;21;01m.[39;00m[38;5;21;01mlib[39;00m [38;5;28;01mimport[39;00m jax_jit

File [0;32m~/.pyenv/versions/miniforge3-4.10.3-10/envs/datasci/lib/python3.10/site-packages/jax/_src/lib/__init__.py:73[0m
[1;32m     72[0m version_str [38;5;241m=[39m jaxlib[38;5;241m.[39mversion[38;5;241m.[39m__version__
[0;32m---> 73[0m version [38;5;241m=[39m [43mcheck_jaxlib_version[49m[43m([49m
[1;32m     74[0m [43m  [49m[43mjax_version[49m[38;5;241;43m=[39;49m[43mjax[49m[38;5;241;43m.[39;49m[43mversion[49m[38;5;241;43m.[39;49m[43m__version__[49m[43m,[49m
[1;32m     75[0m [43m  [49m[43mjaxlib_version[49m[38;5;241;43m=[39;49m[43mjaxlib[49m[38;5;241;43m.[39;49m[43mversion[49m[38;5;241;43m.[39;49m[43m__version__[49m[43m,[49m
[1;32m     76[0m [43m  [49m[43mminimum_jaxlib_version[49m[38;5;241;43m=[39;49m[43mjax[49m[38;5;241;43m.[39;49m[43mversion[49m[38;5;241;43m.[39;49m[43m_minimum_jaxlib_version[49m[43m)[49m
[1;32m     80[0m [38;5;66;03m# Before importing any C compiled modules from jaxlib, first import the CPU[39;00m
[1;32m     81[0m [38;5;66;03m# feature guard module to verify that jaxlib was compiled in a way that only[39;00m
[1;32m     82[0m [38;5;66;03m# uses instructions that are present on this machine.[39;00m

File [0;32m~/.pyenv/versions/miniforge3-4.10.3-10/envs/datasci/lib/python3.10/site-packages/jax/_src/lib/__init__.py:62[0m, in [0;36mcheck_jaxlib_version[0;34m(jax_version, jaxlib_version, minimum_jaxlib_version)[0m
[1;32m     60[0m   msg [38;5;241m=[39m ([38;5;124mf[39m[38;5;124m'[39m[38;5;124mjaxlib is version [39m[38;5;132;01m{[39;00mjaxlib_version[38;5;132;01m}[39;00m[38;5;124m, but this version [39m[38;5;124m'[39m
[1;32m     61[0m          [38;5;124mf[39m[38;5;124m'[39m[38;5;124mof jax requires version >= [39m[38;5;132;01m{[39;00mminimum_jaxlib_version[38;5;132;01m}[39;00m[38;5;124m.[39m[38;5;124m'[39m)
[0;32m---> 62[0m   [38;5;28;01mraise[39;00m [38;5;167;01mRuntimeError[39;00m(msg)
[1;32m     64[0m [38;5;28;01mif[39;00m _jaxlib_version [38;5;241m>[39m _jax_version:

[0;31mRuntimeError[0m: jaxlib is version 0.4.6, but this version of jax requires version >= 0.4.11.

During handling of the above exception, another exception occurred:

[0;31mAttributeError[0m                            Traceback (most recent call last)
Cell [0;32mIn[2], line 21[0m
[1;32m     19[0m     get_ipython()[38;5;241m.[39msystem([38;5;124m'[39m[38;5;124mpip install flax[39m[38;5;124m'[39m)
[1;32m     20[0m     get_ipython()[38;5;241m.[39msystem([38;5;124m'[39m[38;5;124mpip install git+https://github.com/deepmind/optax.git[39m[38;5;124m'[39m)
[0;32m---> 21[0m     [38;5;28;01mimport[39;00m [38;5;21;01mflax[39;00m
[1;32m     22[0m     [38;5;28;01mimport[39;00m [38;5;21;01moptax[39;00m
[1;32m     24[0m [38;5;28;01mimport[39;00m [38;5;21;01mjax[39;00m 

File [0;32m~/.pyenv/versions/miniforge3-4.10.3-10/envs/datasci/lib/python3.10/site-packages/flax/__init__.py:18[0m
[1;32m      1[0m [38;5;66;03m# Copyright 2022 The Flax Authors.[39;00m
[1;32m      2[0m [38;5;66;03m#[39;00m
[1;32m      3[0m [38;5;66;03m# Licensed under the Apache License, Version 2.0 (the "License");[39;00m
[0;32m   (...)[0m
[1;32m     12[0m [38;5;66;03m# See the License for the specific language governing permissions and[39;00m
[1;32m     13[0m [38;5;66;03m# limitations under the License.[39;00m
[1;32m     16[0m [38;5;124;03m"""Flax API."""[39;00m
[0;32m---> 18[0m [38;5;28;01mfrom[39;00m [38;5;21;01m.[39;00m [38;5;28;01mimport[39;00m core
[1;32m     19[0m [38;5;28;01mfrom[39;00m [38;5;21;01m.[39;00m [38;5;28;01mimport[39;00m jax_utils
[1;32m     20[0m [38;5;28;01mfrom[39;00m [38;5;21;01m.[39;00m [38;5;28;01mimport[39;00m linen

File [0;32m~/.pyenv/versions/miniforge3-4.10.3-10/envs/datasci/lib/python3.10/site-packages/flax/core/__init__.py:15[0m
[1;32m      1[0m [38;5;66;03m# Copyright 2022 The Flax Authors.[39;00m
[1;32m      2[0m [38;5;66;03m#[39;00m
[1;32m      3[0m [38;5;66;03m# Licensed under the Apache License, Version 2.0 (the "License");[39;00m
[0;32m   (...)[0m
[1;32m     12[0m [38;5;66;03m# See the License for the specific language governing permissions and[39;00m
[1;32m     13[0m [38;5;66;03m# limitations under the License.[39;00m
[0;32m---> 15[0m [38;5;28;01mfrom[39;00m [38;5;21;01m.[39;00m[38;5;21;01maxes_scan[39;00m [38;5;28;01mimport[39;00m broadcast [38;5;28;01mas[39;00m broadcast
[1;32m     16[0m [38;5;28;01mfrom[39;00m [38;5;21;01m.[39;00m[38;5;21;01mfrozen_dict[39;00m [38;5;28;01mimport[39;00m (
[1;32m     17[0m   FrozenDict [38;5;28;01mas[39;00m FrozenDict,
[1;32m     18[0m   freeze [38;5;28;01mas[39;00m freeze,
[1;32m     19[0m   unfreeze [38;5;28;01mas[39;00m unfreeze
[1;32m     20[0m )
[1;32m     22[0m [38;5;28;01mfrom[39;00m [38;5;21;01m.[39;00m[38;5;21;01mtracers[39;00m [38;5;28;01mimport[39;00m (
[1;32m     23[0m   current_trace [38;5;28;01mas[39;00m current_trace,
[1;32m     24[0m   trace_level [38;5;28;01mas[39;00m trace_level,
[1;32m     25[0m   check_trace_level [38;5;28;01mas[39;00m check_trace_level
[1;32m     26[0m )

File [0;32m~/.pyenv/versions/miniforge3-4.10.3-10/envs/datasci/lib/python3.10/site-packages/flax/core/axes_scan.py:19[0m
[1;32m     16[0m [38;5;28;01mimport[39;00m [38;5;21;01mfunctools[39;00m
[1;32m     17[0m [38;5;28;01mfrom[39;00m [38;5;21;01mtyping[39;00m [38;5;28;01mimport[39;00m Any, Callable, Optional
[0;32m---> 19[0m [38;5;28;01mimport[39;00m [38;5;21;01mjax[39;00m
[1;32m     20[0m [38;5;28;01mfrom[39;00m [38;5;21;01mjax[39;00m [38;5;28;01mimport[39;00m lax
[1;32m     21[0m [38;5;28;01mfrom[39;00m [38;5;21;01mjax[39;00m [38;5;28;01mimport[39;00m linear_util [38;5;28;01mas[39;00m lu

File [0;32m~/.pyenv/versions/miniforge3-4.10.3-10/envs/datasci/lib/python3.10/site-packages/jax/__init__.py:35[0m
[1;32m     30[0m [38;5;28;01mdel[39;00m _cloud_tpu_init
[1;32m     32[0m [38;5;66;03m# Confusingly there are two things named "config": the module and the class.[39;00m
[1;32m     33[0m [38;5;66;03m# We want the exported object to be the class, so we first import the module[39;00m
[1;32m     34[0m [38;5;66;03m# to make sure a later import doesn't overwrite the class.[39;00m
[0;32m---> 35[0m [38;5;28;01mfrom[39;00m [38;5;21;01mjax[39;00m [38;5;28;01mimport[39;00m config [38;5;28;01mas[39;00m _config_module
[1;32m     36[0m [38;5;28;01mdel[39;00m _config_module
[1;32m     38[0m [38;5;66;03m# Force early import, allowing use of `jax.core` after importing `jax`.[39;00m

File [0;32m~/.pyenv/versions/miniforge3-4.10.3-10/envs/datasci/lib/python3.10/site-packages/jax/config.py:17[0m
[1;32m      1[0m [38;5;66;03m# Copyright 2018 The JAX Authors.[39;00m
[1;32m      2[0m [38;5;66;03m#[39;00m
[1;32m      3[0m [38;5;66;03m# Licensed under the Apache License, Version 2.0 (the "License");[39;00m
[0;32m   (...)[0m
[1;32m     14[0m 
[1;32m     15[0m [38;5;66;03m# TODO(phawkins): fix users of this alias and delete this file.[39;00m
[0;32m---> 17[0m [38;5;28;01mfrom[39;00m [38;5;21;01mjax[39;00m[38;5;21;01m.[39;00m[38;5;21;01m_src[39;00m[38;5;21;01m.[39;00m[38;5;21;01mconfig[39;00m [38;5;28;01mimport[39;00m config  [38;5;66;03m# noqa: F401[39;00m

File [0;32m~/.pyenv/versions/miniforge3-4.10.3-10/envs/datasci/lib/python3.10/site-packages/jax/_src/config.py:24[0m
[1;32m     21[0m [38;5;28;01mimport[39;00m [38;5;21;01mthreading[39;00m
[1;32m     22[0m [38;5;28;01mfrom[39;00m [38;5;21;01mtyping[39;00m [38;5;28;01mimport[39;00m Any, List, Callable, Hashable, NamedTuple, Iterator, Optional
[0;32m---> 24[0m [38;5;28;01mfrom[39;00m [38;5;21;01mjax[39;00m[38;5;21;01m.[39;00m[38;5;21;01m_src[39;00m [38;5;28;01mimport[39;00m lib
[1;32m     25[0m [38;5;28;01mfrom[39;00m [38;5;21;01mjax[39;00m[38;5;21;01m.[39;00m[38;5;21;01m_src[39;00m[38;5;21;01m.[39;00m[38;5;21;01mlib[39;00m [38;5;28;01mimport[39;00m jax_jit
[1;32m     26[0m [38;5;28;01mfrom[39;00m [38;5;21;01mjax[39;00m[38;5;21;01m.[39;00m[38;5;21;01m_src[39;00m[38;5;21;01m.[39;00m[38;5;21;01mlib[39;00m [38;5;28;01mimport[39;00m transfer_guard_lib

File [0;32m~/.pyenv/versions/miniforge3-4.10.3-10/envs/datasci/lib/python3.10/site-packages/jax/_src/lib/__init__.py:74[0m
[1;32m     70[0m   [38;5;28;01mreturn[39;00m _jaxlib_version
[1;32m     72[0m version_str [38;5;241m=[39m jaxlib[38;5;241m.[39mversion[38;5;241m.[39m__version__
[1;32m     73[0m version [38;5;241m=[39m check_jaxlib_version(
[0;32m---> 74[0m   jax_version[38;5;241m=[39m[43mjax[49m[38;5;241;43m.[39;49m[43mversion[49m[38;5;241m.[39m__version__,
[1;32m     75[0m   jaxlib_version[38;5;241m=[39mjaxlib[38;5;241m.[39mversion[38;5;241m.[39m__version__,
[1;32m     76[0m   minimum_jaxlib_version[38;5;241m=[39mjax[38;5;241m.[39mversion[38;5;241m.[39m_minimum_jaxlib_version)
[1;32m     80[0m [38;5;66;03m# Before importing any C compiled modules from jaxlib, first import the CPU[39;00m
[1;32m     81[0m [38;5;66;03m# feature guard module to verify that jaxlib was compiled in a way that only[39;00m
[1;32m     82[0m [38;5;66;03m# uses instructions that are present on this machine.[39;00m
[1;32m     83[0m [38;5;28;01mimport[39;00m [38;5;21;01mjaxlib[39;00m[38;5;21;01m.[39;00m[38;5;21;01mcpu_feature_guard[39;00m [38;5;28;01mas[39;00m [38;5;21;01mcpu_feature_guard[39;00m

[0;31mAttributeError[0m: partially initialized module 'jax' has no attribute 'version' (most likely due to a circular import)
AttributeError: partially initialized module 'jax' has no attribute 'version' (most likely due to a circular import)

